<?xml version="1.0" encoding="UTF-8"?>
<!-- Generated by org.testng.reporters.JUnitReportReporter -->
<testsuite hostname="DESKTOP-U4N157I" failures="0" tests="1" name="UseCases.Login" time="11.355" errors="0" timestamp="2021-01-30T22:14:07 EST" skipped="0">
  <testcase classname="UseCases.Login" name="loginPage" time="11.355"/>
  <system-out/>
</testsuite> <!-- UseCases.Login -->
