<?xml version="1.0" encoding="UTF-8"?>
<!-- Generated by org.testng.reporters.JUnitReportReporter -->
<testsuite hostname="DESKTOP-U4N157I" failures="0" tests="1" name="TestRunner.TestRunner" time="15.217" errors="0" timestamp="2021-01-31T12:57:09 EST" skipped="0">
  <testcase classname="TestRunner.TestRunner" name="feature" time="15.217"/>
  <system-out/>
</testsuite> <!-- TestRunner.TestRunner -->
